<?xml version="1.0" encoding="UTF-8"?>
<testng-results ignored="0" total="1" passed="1" failed="0" skipped="0">
  <reporter-output>
  </reporter-output>
  <suite started-at="2025-02-03T17:48:22 IST" name="Default suite" finished-at="2025-02-03T17:48:59 IST" duration-ms="37128">
    <groups>
    </groups>
    <test started-at="2025-02-03T17:48:22 IST" name="Default test" finished-at="2025-02-03T17:48:59 IST" duration-ms="37128">
      <class name="TestNG_Class_AutomateTestcase.TestNG_FileUpload_Scripting">
        <test-method is-config="true" signature="beforeClass()[pri:0, instance:TestNG_Class_AutomateTestcase.TestNG_FileUpload_Scripting@57a3af25]" started-at="2025-02-03T17:48:22 IST" name="beforeClass" finished-at="2025-02-03T17:48:27 IST" duration-ms="4919" status="PASS">
          <reporter-output>
          </reporter-output>
        </test-method> <!-- beforeClass -->
        <test-method signature="fileUpload()[pri:0, instance:TestNG_Class_AutomateTestcase.TestNG_FileUpload_Scripting@57a3af25]" started-at="2025-02-03T17:48:27 IST" name="fileUpload" finished-at="2025-02-03T17:48:59 IST" duration-ms="31978" status="PASS">
          <reporter-output>
          </reporter-output>
        </test-method> <!-- fileUpload -->
        <test-method is-config="true" signature="afterClass()[pri:0, instance:TestNG_Class_AutomateTestcase.TestNG_FileUpload_Scripting@57a3af25]" started-at="2025-02-03T17:48:59 IST" name="afterClass" finished-at="2025-02-03T17:48:59 IST" duration-ms="189" status="PASS">
          <reporter-output>
          </reporter-output>
        </test-method> <!-- afterClass -->
      </class> <!-- TestNG_Class_AutomateTestcase.TestNG_FileUpload_Scripting -->
    </test> <!-- Default test -->
  </suite> <!-- Default suite -->
</testng-results>
